#
# A fatal error has been detected by the Java Runtime Environment:
#
#  SIGSEGV (0xb) at pc=0x00007fe0301e047a, pid=2385, tid=0x00007fe01ce23700
#
# JRE version: OpenJDK Runtime Environment (8.0_131-b11) (build 1.8.0_131-8u131-b11-0ubuntu1.16.04.2-b11)
# Java VM: OpenJDK 64-Bit Server VM (25.131-b11 mixed mode linux-amd64 compressed oops)
# Problematic frame:
# v  ~BufferBlob::jni_fast_GetLongField
#
# Failed to write core dump. Core dumps have been disabled. To enable core dumping, try "ulimit -c unlimited" before starting Java again
#
# If you would like to submit a bug report, please visit:
#   http://bugreport.java.com/bugreport/crash.jsp
# The crash happened outside the Java Virtual Machine in native code.
# See problematic frame for where to report the bug.
#

---------------  T H R E A D  ---------------

Current thread (0x00007fe04029d000):  JavaThread "AWT-XAWT" daemon [_thread_in_native, id=2405, stack(0x00007fe01cd23000,0x00007fe01ce24000)]

siginfo: si_signo: 11 (SIGSEGV), si_code: 1 (SEGV_MAPERR), si_addr: 0x0000000000000000

Registers:
RAX=0x00007fe0459da020, RBX=0x00007fe04029d1e0, RCX=0x0000000000000000, RDX=0x0000000000000042
RSP=0x00007fe01ce22838, RBP=0x00007fe01ce22860, RSI=0x0000000000000000, RDI=0x00007fe04029d1e0
R8 =0x00000000ec7dfbb0, R9 =0x0000000000000000, R10=0x00000000000000aa, R11=0x00007fe030402b58
R12=0x00007fdfdc012910, R13=0x0000000000000000, R14=0x00007fe01ee49b00, R15=0x00007fe04029d000
RIP=0x00007fe0301e047a, EFLAGS=0x0000000000010246, CSGSFS=0x0000000000000033, ERR=0x0000000000000004
  TRAPNO=0x000000000000000e

Top of Stack: (sp=0x00007fe01ce22838)
0x00007fe01ce22838:   00007fe01ec26f74 00007fe02d3ea180
0x00007fe01ce22848:   00007fdfdc012910 00007fe01ce22910
0x00007fe01ce22858:   00007fe01ce228e0 0000000000000000
0x00007fe01ce22868:   00007fe01e7093c0 00007fe02d3ea180
0x00007fe01ce22878:   00007fe01ce228a0 0000000000000000
0x00007fe01ce22888:   00007fe01e700f93 00007fe01ce22910
0x00007fe01ce22898:   00007fe01ec1ecef 00007fe01ce228f0
0x00007fe01ce228a8:   00007fe030402bf6 0000000000000000
0x00007fe01ce228b8:   00007fe03038b2f6 00007fe01ce22910
0x00007fe01ce228c8:   00007fe0302f1aec 00007fe01ce22970
0x00007fe01ce228d8:   00000000ec9c3de0 00000000ec9c4b98
0x00007fe01ce228e8:   0000000000000001 00007fe01ce22970
0x00007fe01ce228f8:   00007fe03017e7d0 00007fe01ce22970
0x00007fe01ce22908:   00007fe03017e7d0 0000000000000000
0x00007fe01ce22918:   00007fe03017eb10 00007fdff0000e30
0x00007fe01ce22928:   00000000eca33bb8 00007fe01ce22930
0x00007fe01ce22938:   00007fe02d3c97bc 00007fe01ce229b8
0x00007fe01ce22948:   00007fe02d3d2c28 0000000000000000
0x00007fe01ce22958:   00007fe02d3c98f8 00007fe01ce22910
0x00007fe01ce22968:   00007fe01ce229b0 00007fe01ce22a00
0x00007fe01ce22978:   00007fe03017effd 0000000000000000
0x00007fe01ce22988:   00000000ecd3cb08 0000000000000000
0x00007fe01ce22998:   0000000000000000 0000000000000000
0x00007fe01ce229a8:   00000000eca33bb8 0000000000000000
0x00007fe01ce229b8:   00000000eca03e80 00007fe01ce229c0
0x00007fe01ce229c8:   00007fe02d3c95fd 00007fe01ce22a10
0x00007fe01ce229d8:   00007fe02d3d2c28 0000000000000000
0x00007fe01ce229e8:   00007fe02d3c9608 00007fe01ce229b0
0x00007fe01ce229f8:   00007fe01ce22a10 00007fe01ce22a58
0x00007fe01ce22a08:   00007fe03017f042 00000000eca03e80
0x00007fe01ce22a18:   00007fe01ce22a18 00007fe02cfac99b
0x00007fe01ce22a28:   00007fe01ce22a68 00007fe02d034080 

Instructions: (pc=0x00007fe0301e047a)
0x00007fe0301e045a:   00 00 00 00 00 00 44 8b 15 0d 67 82 15 4c 8b ce
0x00007fe0301e046a:   41 f6 c2 01 0f 85 2e 00 00 00 4d 33 ca 4d 33 ca
0x00007fe0301e047a:   4d 8b 09 4c 8b da 49 c1 eb 02 4b 8b 04 19 49 bb
0x00007fe0301e048a:   74 6b a0 45 e0 7f 00 00 4c 33 d8 4c 33 d8 45 3b 

Register to memory mapping:

RAX=0x00007fe0459da020: <offset 0xef4020> in /usr/lib/jvm/java-8-openjdk-amd64/jre/lib/amd64/server/libjvm.so at 0x00007fe044ae6000
RBX=0x00007fe04029d1e0 is an unknown value
RCX=0x0000000000000000 is an unknown value
RDX=0x0000000000000042 is an unknown value
RSP=0x00007fe01ce22838 is pointing into the stack for thread: 0x00007fe04029d000
RBP=0x00007fe01ce22860 is pointing into the stack for thread: 0x00007fe04029d000
RSI=0x0000000000000000 is an unknown value
RDI=0x00007fe04029d1e0 is an unknown value
R8 =0x00000000ec7dfbb0 is an oop
sun.util.logging.PlatformLogger$Level 
 - klass: 'sun/util/logging/PlatformLogger$Level'
R9 =0x0000000000000000 is an unknown value
R10=0x00000000000000aa is an unknown value
R11=0x00007fe030402b58 is at entry_point+24 in (nmethod*)0x00007fe0304029d0
R12=0x00007fdfdc012910 is an unknown value
R13=0x0000000000000000 is an unknown value
R14=0x00007fe01ee49b00: <offset 0x258b00> in /usr/lib/jvm/java-8-openjdk-amd64/jre/lib/amd64/libawt_xawt.so at 0x00007fe01ebf1000
R15=0x00007fe04029d000 is a thread


Stack: [0x00007fe01cd23000,0x00007fe01ce24000],  sp=0x00007fe01ce22838,  free space=1022k
Native frames: (J=compiled Java code, j=interpreted, Vv=VM code, C=native code)
v  ~BufferBlob::jni_fast_GetLongField
C  [libX11.so.6+0x643c0]  _XimServerDestroy+0x70

Java frames: (J=compiled Java code, j=interpreted, Vv=VM code)
J 731  sun.awt.X11.XlibWrapper.XFilterEvent(JJ)Z (0 bytes) @ 0x00007fe030402b84 [0x00007fe030402b40+0x44]
j  sun.awt.X11.XToolkit.run(Z)V+300
j  sun.awt.X11.XToolkit.run()V+5
j  java.lang.Thread.run()V+11
v  ~StubRoutines::call_stub

---------------  P R O C E S S  ---------------

Java Threads: ( => current thread )
  0x00007fe004003000 JavaThread "SIGTERM handler" daemon [_thread_blocked, id=5142, stack(0x00007fdfe3bfe000,0x00007fdfe3cff000)]
  0x00007fdfe401d800 JavaThread "XToolkt-Shutdown-Thread" [_thread_blocked, id=5136, stack(0x00007fe01c3f5000,0x00007fe01c4f6000)]
  0x00007fe004002000 JavaThread "SIGHUP handler" daemon [_thread_blocked, id=5121, stack(0x00007fe01c2f4000,0x00007fe01c3f5000)]
  0x00007fe004001000 JavaThread "SIGTERM handler" daemon [_thread_blocked, id=5112, stack(0x00007fe01cc22000,0x00007fe01cd23000)]
  0x00007fdfdc01a000 JavaThread "TimerQueue" daemon [_thread_blocked, id=2410, stack(0x00007fdfe3eff000,0x00007fdfe4000000)]
=>0x00007fe04029d000 JavaThread "AWT-XAWT" daemon [_thread_in_native, id=2405, stack(0x00007fe01cd23000,0x00007fe01ce24000)]
  0x00007fe040281800 JavaThread "Java2D Disposer" daemon [_thread_blocked, id=2404, stack(0x00007fe01d234000,0x00007fe01d335000)]
  0x00007fe0400ba000 JavaThread "Service Thread" daemon [_thread_blocked, id=2402, stack(0x00007fe01f21c000,0x00007fe01f31d000)]
  0x00007fe0400b2800 JavaThread "C1 CompilerThread2" daemon [_thread_blocked, id=2401, stack(0x00007fe01f31d000,0x00007fe01f41e000)]
  0x00007fe0400b0800 JavaThread "C2 CompilerThread1" daemon [_thread_blocked, id=2400, stack(0x00007fe01f41e000,0x00007fe01f51f000)]
  0x00007fe0400ad800 JavaThread "C2 CompilerThread0" daemon [_thread_blocked, id=2399, stack(0x00007fe01f51f000,0x00007fe01f620000)]
  0x00007fe0400ab800 JavaThread "Signal Dispatcher" daemon [_thread_blocked, id=2398, stack(0x00007fe01f620000,0x00007fe01f721000)]
  0x00007fe040083000 JavaThread "Finalizer" daemon [_thread_blocked, id=2397, stack(0x00007fe01f9fa000,0x00007fe01fafb000)]
  0x00007fe04007e800 JavaThread "Reference Handler" daemon [_thread_blocked, id=2396, stack(0x00007fe01fafb000,0x00007fe01fbfc000)]
  0x00007fe04000a000 JavaThread "main" [_thread_in_native, id=2386, stack(0x00007fe04673b000,0x00007fe04683c000)]

Other Threads:
  0x00007fe040077000 VMThread [stack: 0x00007fe01fbfc000,0x00007fe01fcfd000] [id=2395]
  0x00007fe0400bc800 WatcherThread [stack: 0x00007fe01f11b000,0x00007fe01f21c000] [id=2403]

VM state:not at safepoint (normal execution)

VM Mutex/Monitor currently owned by a thread: None

Heap:
 PSYoungGen      total 17920K, used 8297K [0x00000000ec780000, 0x00000000edb80000, 0x0000000100000000)
  eden space 15360K, 54% used [0x00000000ec780000,0x00000000ecf9a5f0,0x00000000ed680000)
  from space 2560K, 0% used [0x00000000ed900000,0x00000000ed900000,0x00000000edb80000)
  to   space 2560K, 0% used [0x00000000ed680000,0x00000000ed680000,0x00000000ed900000)
 ParOldGen       total 40960K, used 0K [0x00000000c5600000, 0x00000000c7e00000, 0x00000000ec780000)
  object space 40960K, 0% used [0x00000000c5600000,0x00000000c5600000,0x00000000c7e00000)
 Metaspace       used 12852K, capacity 13066K, committed 13440K, reserved 1060864K
  class space    used 1517K, capacity 1581K, committed 1664K, reserved 1048576K

Card table byte_map: [0x00007fe02fbe1000,0x00007fe02fdb7000] byte_map_base: 0x00007fe02f5b6000

Marking Bits: (ParMarkBitMap*) 0x00007fe045a06260
 Begin Bits: [0x00007fe02d954000, 0x00007fe02e7fc000)
 End Bits:   [0x00007fe02e7fc000, 0x00007fe02f6a4000)

Polling page: 0x00007fe046858000

CodeCache: size=245760Kb used=2817Kb max_used=2829Kb free=242942Kb
 bounds [0x00007fe030177000, 0x00007fe030447000, 0x00007fe03f177000]
 total_blobs=1359 nmethods=799 adapters=476
 compilation: enabled

Compilation events (10 events):
Event: 2448,649 Thread 0x00007fe0400b2800  799       3       java.util.Vector::<init> (53 bytes)
Event: 2448,651 Thread 0x00007fe0400b2800 nmethod 799 0x00007fe030435ad0 code [0x00007fe030435c80, 0x00007fe030436138]
Event: 2659,986 Thread 0x00007fe0400b2800  800       3       sun.awt.X11.XMSelection$1::dispatchEvent (10 bytes)
Event: 2659,990 Thread 0x00007fe0400b2800 nmethod 800 0x00007fe0304351d0 code [0x00007fe030435380, 0x00007fe0304357d8]
Event: 2659,990 Thread 0x00007fe0400b2800  801       3       sun.awt.X11.XMSelection::processRootEvent (32 bytes)
Event: 2659,992 Thread 0x00007fe0400b2800 nmethod 801 0x00007fe0304381d0 code [0x00007fe030438380, 0x00007fe030438758]
Event: 3800,993 Thread 0x00007fe0400ad800  802       4       java.lang.Long::valueOf (36 bytes)
Event: 3801,003 Thread 0x00007fe0400ad800 nmethod 802 0x00007fe030434e50 code [0x00007fe030434fa0, 0x00007fe0304350d8]
Event: 4189,828 Thread 0x00007fe0400b0800  803       4       java.lang.Long::compareTo (9 bytes)
Event: 4189,833 Thread 0x00007fe0400b0800 nmethod 803 0x00007fe030434b90 code [0x00007fe030434ce0, 0x00007fe030434d98]

GC Heap History (0 events):
No events

Deoptimization events (4 events):
Event: 7,401 Thread 0x00007fe0402fa000 Uncommon trap: reason=class_check action=maybe_recompile pc=0x00007fe0302d7cf0 method=java.lang.String.equals(Ljava/lang/Object;)Z @ 8
Event: 7,401 Thread 0x00007fe0402fa000 Uncommon trap: reason=class_check action=maybe_recompile pc=0x00007fe0302d7cf0 method=java.lang.String.equals(Ljava/lang/Object;)Z @ 8
Event: 7,464 Thread 0x00007fe0402fa000 Uncommon trap: reason=class_check action=maybe_recompile pc=0x00007fe0302d7cf0 method=java.lang.String.equals(Ljava/lang/Object;)Z @ 8
Event: 7,464 Thread 0x00007fe0402fa000 Uncommon trap: reason=class_check action=maybe_recompile pc=0x00007fe0302d7cf0 method=java.lang.String.equals(Ljava/lang/Object;)Z @ 8

Internal exceptions (10 events):
Event: 0,781 Thread 0x00007fe04000a000 Exception <a 'java/security/PrivilegedActionException'> (0x00000000ec7f7fb8) thrown at [/build/openjdk-8-VTMhfL/openjdk-8-8u131-b11/src/hotspot/src/share/vm/prims/jvm.cpp, line 1390]
Event: 0,782 Thread 0x00007fe04000a000 Exception <a 'java/security/PrivilegedActionException'> (0x00000000ec7f8a90) thrown at [/build/openjdk-8-VTMhfL/openjdk-8-8u131-b11/src/hotspot/src/share/vm/prims/jvm.cpp, line 1390]
Event: 0,782 Thread 0x00007fe04000a000 Exception <a 'java/security/PrivilegedActionException'> (0x00000000ec7f8ca0) thrown at [/build/openjdk-8-VTMhfL/openjdk-8-8u131-b11/src/hotspot/src/share/vm/prims/jvm.cpp, line 1390]
Event: 1,172 Thread 0x00007fe04000a000 Exception <a 'java/lang/NoSuchFieldError': method resolution failed> (0x00000000ec912c68) thrown at [/build/openjdk-8-VTMhfL/openjdk-8-8u131-b11/src/hotspot/src/share/vm/prims/methodHandles.cpp, line 1146]
Event: 1,190 Thread 0x00007fe04000a000 Exception <a 'java/lang/NoSuchFieldError': method resolution failed> (0x00000000ec920468) thrown at [/build/openjdk-8-VTMhfL/openjdk-8-8u131-b11/src/hotspot/src/share/vm/prims/methodHandles.cpp, line 1146]
Event: 1,458 Thread 0x00007fe04000a000 Exception <a 'java/io/FileNotFoundException'> (0x00000000ec99f650) thrown at [/build/openjdk-8-VTMhfL/openjdk-8-8u131-b11/src/hotspot/src/share/vm/prims/jni.cpp, line 709]
Event: 1,458 Thread 0x00007fe04000a000 Exception <a 'java/io/FileNotFoundException'> (0x00000000ec9a0070) thrown at [/build/openjdk-8-VTMhfL/openjdk-8-8u131-b11/src/hotspot/src/share/vm/prims/jni.cpp, line 709]
Event: 1,724 Thread 0x00007fe04000a000 Exception <a 'java/lang/ClassNotFoundException': sun/dc/DuctusRenderingEngine> (0x00000000ec9ca6a0) thrown at [/build/openjdk-8-VTMhfL/openjdk-8-8u131-b11/src/hotspot/src/share/vm/classfile/systemDictionary.cpp, line 210]
Event: 4,144 Thread 0x00007fe0402fa000 Exception <a 'java/lang/UnsupportedOperationException': > (0x00000000ecbd5098) thrown at [/build/openjdk-8-VTMhfL/openjdk-8-8u131-b11/src/hotspot/src/share/vm/prims/jni.cpp, line 735]
Event: 13,658 Thread 0x00007fe0402fa000 Exception <a 'java/lang/UnsupportedOperationException': > (0x00000000ecd24bf8) thrown at [/build/openjdk-8-VTMhfL/openjdk-8-8u131-b11/src/hotspot/src/share/vm/prims/jni.cpp, line 735]

Events (10 events):
Event: 17,302 loading class sun/awt/AppContext$PostShutdownEventRunnable
Event: 17,303 loading class sun/awt/AppContext$PostShutdownEventRunnable done
Event: 17,303 loading class sun/awt/AWTAutoShutdown$1
Event: 17,317 loading class sun/awt/AWTAutoShutdown$1 done
Event: 17,317 Thread 0x00007fe0402f8800 Thread exited: 0x00007fe0402f8800
Event: 17,318 Thread 0x00007fe0402fa000 Thread exited: 0x00007fe0402fa000
Event: 51,688 Executing VM operation: RevokeBias
Event: 51,688 Executing VM operation: RevokeBias done
Event: 51,689 Thread 0x00007fe040164000 Thread exited: 0x00007fe040164000
Event: 5033,559 loading class sun/misc/Signal$1


Dynamic libraries:
00400000-00401000 r-xp 00000000 08:06 6689756                            /usr/lib/jvm/java-8-openjdk-amd64/jre/bin/java
00600000-00601000 r--p 00000000 08:06 6689756                            /usr/lib/jvm/java-8-openjdk-amd64/jre/bin/java
00601000-00602000 rw-p 00001000 08:06 6689756                            /usr/lib/jvm/java-8-openjdk-amd64/jre/bin/java
00e33000-00e54000 rw-p 00000000 00:00 0                                  [heap]
c5600000-c7e00000 rw-p 00000000 00:00 0 
c7e00000-ec780000 ---p 00000000 00:00 0 
ec780000-edb80000 rw-p 00000000 00:00 0 
edb80000-100000000 ---p 00000000 00:00 0 
100000000-1001a0000 rw-p 00000000 00:00 0 
1001a0000-140000000 ---p 00000000 00:00 0 
7fdfd0000000-7fdfd0021000 rw-p 00000000 00:00 0 
7fdfd0021000-7fdfd4000000 ---p 00000000 00:00 0 
7fdfd8000000-7fdfd8021000 rw-p 00000000 00:00 0 
7fdfd8021000-7fdfdc000000 ---p 00000000 00:00 0 
7fdfdc000000-7fdfdc029000 rw-p 00000000 00:00 0 
7fdfdc029000-7fdfe0000000 ---p 00000000 00:00 0 
7fdfe3bfe000-7fdfe3c01000 ---p 00000000 00:00 0 
7fdfe3c01000-7fdfe3e7f000 rw-p 00000000 00:00 0 
7fdfe3e7f000-7fdfe3eff000 ---p 00000000 00:00 0 
7fdfe3eff000-7fdfe3f02000 ---p 00000000 00:00 0 
7fdfe3f02000-7fdfe4000000 rw-p 00000000 00:00 0 
7fdfe4000000-7fdfe4026000 rw-p 00000000 00:00 0 
7fdfe4026000-7fdfe8000000 ---p 00000000 00:00 0 
7fdfe8000000-7fdfe8021000 rw-p 00000000 00:00 0 
7fdfe8021000-7fdfec000000 ---p 00000000 00:00 0 
7fdfec000000-7fdfec021000 rw-p 00000000 00:00 0 
7fdfec021000-7fdff0000000 ---p 00000000 00:00 0 
7fdff0000000-7fdff0021000 rw-p 00000000 00:00 0 
7fdff0021000-7fdff4000000 ---p 00000000 00:00 0 
7fdff4000000-7fdff4021000 rw-p 00000000 00:00 0 
7fdff4021000-7fdff8000000 ---p 00000000 00:00 0 
7fdff8000000-7fdff8021000 rw-p 00000000 00:00 0 
7fdff8021000-7fdffc000000 ---p 00000000 00:00 0 
7fdffc000000-7fdffc08b000 rw-p 00000000 00:00 0 
7fdffc08b000-7fe000000000 ---p 00000000 00:00 0 
7fe000000000-7fe00020d000 rw-p 00000000 00:00 0 
7fe00020d000-7fe004000000 ---p 00000000 00:00 0 
7fe004000000-7fe004021000 rw-p 00000000 00:00 0 
7fe004021000-7fe008000000 ---p 00000000 00:00 0 
7fe008000000-7fe008105000 rw-p 00000000 00:00 0 
7fe008105000-7fe00c000000 ---p 00000000 00:00 0 
7fe00c000000-7fe00c021000 rw-p 00000000 00:00 0 
7fe00c021000-7fe010000000 ---p 00000000 00:00 0 
7fe010000000-7fe010021000 rw-p 00000000 00:00 0 
7fe010021000-7fe014000000 ---p 00000000 00:00 0 
7fe014000000-7fe014021000 rw-p 00000000 00:00 0 
7fe014021000-7fe018000000 ---p 00000000 00:00 0 
7fe018000000-7fe018021000 rw-p 00000000 00:00 0 
7fe018021000-7fe01c000000 ---p 00000000 00:00 0 
7fe01c0f4000-7fe01c2f4000 rw-p 00000000 00:00 0 
7fe01c2f4000-7fe01c2f7000 ---p 00000000 00:00 0 
7fe01c2f7000-7fe01c3f5000 rw-p 00000000 00:00 0 
7fe01c3f5000-7fe01c3f8000 ---p 00000000 00:00 0 
7fe01c3f8000-7fe01c4f6000 rw-p 00000000 00:00 0 
7fe01c4f6000-7fe01c507000 r-xp 00000000 08:06 6689717                    /usr/lib/jvm/java-8-openjdk-amd64/jre/lib/amd64/libnio.so
7fe01c507000-7fe01c707000 ---p 00011000 08:06 6689717                    /usr/lib/jvm/java-8-openjdk-amd64/jre/lib/amd64/libnio.so
7fe01c707000-7fe01c708000 r--p 00011000 08:06 6689717                    /usr/lib/jvm/java-8-openjdk-amd64/jre/lib/amd64/libnio.so
7fe01c708000-7fe01c709000 rw-p 00012000 08:06 6689717                    /usr/lib/jvm/java-8-openjdk-amd64/jre/lib/amd64/libnio.so
7fe01c709000-7fe01ca0a000 rw-p 00000000 00:00 0 
7fe01ca0a000-7fe01ca21000 r-xp 00000000 08:06 6689705                    /usr/lib/jvm/java-8-openjdk-amd64/jre/lib/amd64/libnet.so
7fe01ca21000-7fe01cc20000 ---p 00017000 08:06 6689705                    /usr/lib/jvm/java-8-openjdk-amd64/jre/lib/amd64/libnet.so
7fe01cc20000-7fe01cc21000 r--p 00016000 08:06 6689705                    /usr/lib/jvm/java-8-openjdk-amd64/jre/lib/amd64/libnet.so
7fe01cc21000-7fe01cc22000 rw-p 00017000 08:06 6689705                    /usr/lib/jvm/java-8-openjdk-amd64/jre/lib/amd64/libnet.so
7fe01cc22000-7fe01cc25000 ---p 00000000 00:00 0 
7fe01cc25000-7fe01cd23000 rw-p 00000000 00:00 0 
7fe01cd23000-7fe01cd26000 ---p 00000000 00:00 0 
7fe01cd26000-7fe01ce24000 rw-p 00000000 00:00 0 
7fe01ce24000-7fe01ce29000 r-xp 00000000 08:06 6561916                    /usr/lib/x86_64-linux-gnu/libXfixes.so.3.1.0
7fe01ce29000-7fe01d028000 ---p 00005000 08:06 6561916                    /usr/lib/x86_64-linux-gnu/libXfixes.so.3.1.0
7fe01d028000-7fe01d029000 r--p 00004000 08:06 6561916                    /usr/lib/x86_64-linux-gnu/libXfixes.so.3.1.0
7fe01d029000-7fe01d02a000 rw-p 00005000 08:06 6561916                    /usr/lib/x86_64-linux-gnu/libXfixes.so.3.1.0
7fe01d02a000-7fe01d033000 r-xp 00000000 08:06 6561908                    /usr/lib/x86_64-linux-gnu/libXcursor.so.1.0.2
7fe01d033000-7fe01d232000 ---p 00009000 08:06 6561908                    /usr/lib/x86_64-linux-gnu/libXcursor.so.1.0.2
7fe01d232000-7fe01d233000 r--p 00008000 08:06 6561908                    /usr/lib/x86_64-linux-gnu/libXcursor.so.1.0.2
7fe01d233000-7fe01d234000 rw-p 00009000 08:06 6561908                    /usr/lib/x86_64-linux-gnu/libXcursor.so.1.0.2
7fe01d234000-7fe01d237000 ---p 00000000 00:00 0 
7fe01d237000-7fe01d335000 rw-p 00000000 00:00 0 
7fe01d335000-7fe01d359000 r-xp 00000000 08:06 7082609                    /lib/x86_64-linux-gnu/libpng12.so.0.54.0
7fe01d359000-7fe01d558000 ---p 00024000 08:06 7082609                    /lib/x86_64-linux-gnu/libpng12.so.0.54.0
7fe01d558000-7fe01d559000 r--p 00023000 08:06 7082609                    /lib/x86_64-linux-gnu/libpng12.so.0.54.0
7fe01d559000-7fe01d55a000 rw-p 00024000 08:06 7082609                    /lib/x86_64-linux-gnu/libpng12.so.0.54.0
7fe01d55a000-7fe01d5fe000 r-xp 00000000 08:06 6553918                    /usr/lib/x86_64-linux-gnu/libfreetype.so.6.12.1
7fe01d5fe000-7fe01d7fd000 ---p 000a4000 08:06 6553918                    /usr/lib/x86_64-linux-gnu/libfreetype.so.6.12.1
7fe01d7fd000-7fe01d803000 r--p 000a3000 08:06 6553918                    /usr/lib/x86_64-linux-gnu/libfreetype.so.6.12.1
7fe01d803000-7fe01d804000 rw-p 000a9000 08:06 6553918                    /usr/lib/x86_64-linux-gnu/libfreetype.so.6.12.1
7fe01d804000-7fe01d856000 r-xp 00000000 08:06 6689707                    /usr/lib/jvm/java-8-openjdk-amd64/jre/lib/amd64/libfontmanager.so
7fe01d856000-7fe01da56000 ---p 00052000 08:06 6689707                    /usr/lib/jvm/java-8-openjdk-amd64/jre/lib/amd64/libfontmanager.so
7fe01da56000-7fe01da58000 r--p 00052000 08:06 6689707                    /usr/lib/jvm/java-8-openjdk-amd64/jre/lib/amd64/libfontmanager.so
7fe01da58000-7fe01da59000 rw-p 00054000 08:06 6689707                    /usr/lib/jvm/java-8-openjdk-amd64/jre/lib/amd64/libfontmanager.so
7fe01da59000-7fe01da5e000 r-xp 00000000 08:06 6561912                    /usr/lib/x86_64-linux-gnu/libXdmcp.so.6.0.0
7fe01da5e000-7fe01dc5d000 ---p 00005000 08:06 6561912                    /usr/lib/x86_64-linux-gnu/libXdmcp.so.6.0.0
7fe01dc5d000-7fe01dc5e000 r--p 00004000 08:06 6561912                    /usr/lib/x86_64-linux-gnu/libXdmcp.so.6.0.0
7fe01dc5e000-7fe01dc5f000 rw-p 00005000 08:06 6561912                    /usr/lib/x86_64-linux-gnu/libXdmcp.so.6.0.0
7fe01dc5f000-7fe01dc61000 r-xp 00000000 08:06 6561901                    /usr/lib/x86_64-linux-gnu/libXau.so.6.0.0
7fe01dc61000-7fe01de61000 ---p 00002000 08:06 6561901                    /usr/lib/x86_64-linux-gnu/libXau.so.6.0.0
7fe01de61000-7fe01de62000 r--p 00002000 08:06 6561901                    /usr/lib/x86_64-linux-gnu/libXau.so.6.0.0
7fe01de62000-7fe01de63000 rw-p 00003000 08:06 6561901                    /usr/lib/x86_64-linux-gnu/libXau.so.6.0.0
7fe01de63000-7fe01de84000 r-xp 00000000 08:06 6563279                    /usr/lib/x86_64-linux-gnu/libxcb.so.1.1.0
7fe01de84000-7fe01e083000 ---p 00021000 08:06 6563279                    /usr/lib/x86_64-linux-gnu/libxcb.so.1.1.0
7fe01e083000-7fe01e084000 r--p 00020000 08:06 6563279                    /usr/lib/x86_64-linux-gnu/libxcb.so.1.1.0
7fe01e084000-7fe01e085000 rw-p 00021000 08:06 6563279                    /usr/lib/x86_64-linux-gnu/libxcb.so.1.1.0
7fe01e085000-7fe01e094000 r-xp 00000000 08:06 6561922                    /usr/lib/x86_64-linux-gnu/libXi.so.6.1.0
7fe01e094000-7fe01e293000 ---p 0000f000 08:06 6561922                    /usr/lib/x86_64-linux-gnu/libXi.so.6.1.0
7fe01e293000-7fe01e294000 r--p 0000e000 08:06 6561922                    /usr/lib/x86_64-linux-gnu/libXi.so.6.1.0
7fe01e294000-7fe01e295000 rw-p 0000f000 08:06 6561922                    /usr/lib/x86_64-linux-gnu/libXi.so.6.1.0
7fe01e295000-7fe01e29a000 r-xp 00000000 08:06 6561940                    /usr/lib/x86_64-linux-gnu/libXtst.so.6.1.0
7fe01e29a000-7fe01e499000 ---p 00005000 08:06 6561940                    /usr/lib/x86_64-linux-gnu/libXtst.so.6.1.0
7fe01e499000-7fe01e49a000 r--p 00004000 08:06 6561940                    /usr/lib/x86_64-linux-gnu/libXtst.so.6.1.0
7fe01e49a000-7fe01e49b000 rw-p 00005000 08:06 6561940                    /usr/lib/x86_64-linux-gnu/libXtst.so.6.1.0
7fe01e49b000-7fe01e4a4000 r-xp 00000000 08:06 6561934                    /usr/lib/x86_64-linux-gnu/libXrender.so.1.3.0
7fe01e4a4000-7fe01e6a3000 ---p 00009000 08:06 6561934                    /usr/lib/x86_64-linux-gnu/libXrender.so.1.3.0
7fe01e6a3000-7fe01e6a4000 r--p 00008000 08:06 6561934                    /usr/lib/x86_64-linux-gnu/libXrender.so.1.3.0
7fe01e6a4000-7fe01e6a5000 rw-p 00009000 08:06 6561934                    /usr/lib/x86_64-linux-gnu/libXrender.so.1.3.0
7fe01e6a5000-7fe01e7da000 r-xp 00000000 08:06 6561897                    /usr/lib/x86_64-linux-gnu/libX11.so.6.3.0
7fe01e7da000-7fe01e9da000 ---p 00135000 08:06 6561897                    /usr/lib/x86_64-linux-gnu/libX11.so.6.3.0
7fe01e9da000-7fe01e9db000 r--p 00135000 08:06 6561897                    /usr/lib/x86_64-linux-gnu/libX11.so.6.3.0
7fe01e9db000-7fe01e9df000 rw-p 00136000 08:06 6561897                    /usr/lib/x86_64-linux-gnu/libX11.so.6.3.0
7fe01e9df000-7fe01e9f0000 r-xp 00000000 08:06 6561914                    /usr/lib/x86_64-linux-gnu/libXext.so.6.4.0
7fe01e9f0000-7fe01ebef000 ---p 00011000 08:06 6561914                    /usr/lib/x86_64-linux-gnu/libXext.so.6.4.0
7fe01ebef000-7fe01ebf0000 r--p 00010000 08:06 6561914                    /usr/lib/x86_64-linux-gnu/libXext.so.6.4.0
7fe01ebf0000-7fe01ebf1000 rw-p 00011000 08:06 6561914                    /usr/lib/x86_64-linux-gnu/libXext.so.6.4.0
7fe01ebf1000-7fe01ec45000 r-xp 00000000 08:06 6689690                    /usr/lib/jvm/java-8-openjdk-amd64/jre/lib/amd64/libawt_xawt.so
7fe01ec45000-7fe01ee45000 ---p 00054000 08:06 6689690                    /usr/lib/jvm/java-8-openjdk-amd64/jre/lib/amd64/libawt_xawt.so
7fe01ee45000-7fe01ee46000 r--p 00054000 08:06 6689690                    /usr/lib/jvm/java-8-openjdk-amd64/jre/lib/amd64/libawt_xawt.so
7fe01ee46000-7fe01ee49000 rw-p 00055000 08:06 6689690                    /usr/lib/jvm/java-8-openjdk-amd64/jre/lib/amd64/libawt_xawt.so
7fe01ee49000-7fe01ee4a000 rw-p 00000000 00:00 0 
7fe01ee4a000-7fe01eeea000 r-xp 00000000 08:06 6689699                    /usr/lib/jvm/java-8-openjdk-amd64/jre/lib/amd64/libawt.so
7fe01eeea000-7fe01f0ea000 ---p 000a0000 08:06 6689699                    /usr/lib/jvm/java-8-openjdk-amd64/jre/lib/amd64/libawt.so
7fe01f0ea000-7fe01f0eb000 r--p 000a0000 08:06 6689699                    /usr/lib/jvm/java-8-openjdk-amd64/jre/lib/amd64/libawt.so
7fe01f0eb000-7fe01f0f6000 rw-p 000a1000 08:06 6689699                    /usr/lib/jvm/java-8-openjdk-amd64/jre/lib/amd64/libawt.so
7fe01f0f6000-7fe01f11b000 rw-p 00000000 00:00 0 
7fe01f11b000-7fe01f11c000 ---p 00000000 00:00 0 
7fe01f11c000-7fe01f21c000 rw-p 00000000 00:00 0 
7fe01f21c000-7fe01f21f000 ---p 00000000 00:00 0 
7fe01f21f000-7fe01f31d000 rw-p 00000000 00:00 0 
7fe01f31d000-7fe01f320000 ---p 00000000 00:00 0 
7fe01f320000-7fe01f41e000 rw-p 00000000 00:00 0 
7fe01f41e000-7fe01f421000 ---p 00000000 00:00 0 
7fe01f421000-7fe01f51f000 rw-p 00000000 00:00 0 
7fe01f51f000-7fe01f522000 ---p 00000000 00:00 0 
7fe01f522000-7fe01f620000 rw-p 00000000 00:00 0 
7fe01f620000-7fe01f623000 ---p 00000000 00:00 0 
7fe01f623000-7fe01f721000 rw-p 00000000 00:00 0 
7fe01f721000-7fe01f9fa000 r--p 00000000 08:06 6553737                    /usr/lib/locale/locale-archive
7fe01f9fa000-7fe01f9fd000 ---p 00000000 00:00 0 
7fe01f9fd000-7fe01fafb000 rw-p 00000000 00:00 0 
7fe01fafb000-7fe01fafe000 ---p 00000000 00:00 0 
7fe01fafe000-7fe01fbfc000 rw-p 00000000 00:00 0 
7fe01fbfc000-7fe01fbfd000 ---p 00000000 00:00 0 
7fe01fbfd000-7fe020000000 rw-p 00000000 00:00 0 
7fe020000000-7fe020021000 rw-p 00000000 00:00 0 
7fe020021000-7fe024000000 ---p 00000000 00:00 0 
7fe024000000-7fe024021000 rw-p 00000000 00:00 0 
7fe024021000-7fe028000000 ---p 00000000 00:00 0 
7fe028000000-7fe028021000 rw-p 00000000 00:00 0 
7fe028021000-7fe02c000000 ---p 00000000 00:00 0 
7fe02c06a000-7fe02c07d000 r--s 00346000 08:06 6689740                    /usr/lib/jvm/java-8-openjdk-amd64/jre/lib/resources.jar
7fe02c07d000-7fe02c080000 r--s 0000f000 08:06 6689675                    /usr/lib/jvm/java-8-openjdk-amd64/jre/lib/ext/icedtea-sound.jar
7fe02c080000-7fe02c09b000 r--s 00394000 08:06 6689676                    /usr/lib/jvm/java-8-openjdk-amd64/jre/lib/ext/cldrdata.jar
7fe02c09b000-7fe02c09f000 r--s 00037000 08:06 6689671                    /usr/lib/jvm/java-8-openjdk-amd64/jre/lib/ext/sunpkcs11.jar
7fe02c09f000-7fe02cd3a000 rw-p 00000000 00:00 0 
7fe02cd3a000-7fe02cf09000 r--s 03c07000 08:06 6689719                    /usr/lib/jvm/java-8-openjdk-amd64/jre/lib/rt.jar
7fe02cf09000-7fe02f6a4000 rw-p 00000000 00:00 0 
7fe02f6a4000-7fe02f6a5000 ---p 00000000 00:00 0 
7fe02f6a5000-7fe02f7a5000 rw-p 00000000 00:00 0 
7fe02f7a5000-7fe02f7a6000 ---p 00000000 00:00 0 
7fe02f7a6000-7fe02f8a6000 rw-p 00000000 00:00 0 
7fe02f8a6000-7fe02f8a7000 ---p 00000000 00:00 0 
7fe02f8a7000-7fe02f9a7000 rw-p 00000000 00:00 0 
7fe02f9a7000-7fe02f9a8000 ---p 00000000 00:00 0 
7fe02f9a8000-7fe02fabc000 rw-p 00000000 00:00 0 
7fe02fabc000-7fe02fbe1000 ---p 00000000 00:00 0 
7fe02fbe1000-7fe02fbf5000 rw-p 00000000 00:00 0 
7fe02fbf5000-7fe02fd19000 ---p 00000000 00:00 0 
7fe02fd19000-7fe02fd24000 rw-p 00000000 00:00 0 
7fe02fd24000-7fe02fdb6000 ---p 00000000 00:00 0 
7fe02fdb6000-7fe02fdc3000 rw-p 00000000 00:00 0 
7fe02fdc3000-7fe030177000 ---p 00000000 00:00 0 
7fe030177000-7fe030447000 rwxp 00000000 00:00 0 
7fe030447000-7fe03f177000 ---p 00000000 00:00 0 
7fe03f177000-7fe03f17f000 r-xp 00000000 08:06 6689697                    /usr/lib/jvm/java-8-openjdk-amd64/jre/lib/amd64/libzip.so
7fe03f17f000-7fe03f37e000 ---p 00008000 08:06 6689697                    /usr/lib/jvm/java-8-openjdk-amd64/jre/lib/amd64/libzip.so
7fe03f37e000-7fe03f37f000 r--p 00007000 08:06 6689697                    /usr/lib/jvm/java-8-openjdk-amd64/jre/lib/amd64/libzip.so
7fe03f37f000-7fe03f380000 rw-p 00008000 08:06 6689697      